Analysis & Synthesis report for hw2
Sun Dec 10 20:22:34 2023
Quartus Prime Version 20.1.0 Build 711 06/05/2020 SJ Lite Edition


---------------------
; Table of Contents ;
---------------------
  1. Legal Notice
  2. Analysis & Synthesis Summary
  3. Analysis & Synthesis Settings
  4. Parallel Compilation
  5. Analysis & Synthesis Source Files Read
  6. Analysis & Synthesis Resource Usage Summary
  7. Analysis & Synthesis Resource Utilization by Entity
  8. State Machine - |alu32|myMod:s8|mod_cu:control_unit|current_state
  9. User-Specified and Inferred Latches
 10. General Register Statistics
 11. Multiplexer Restructuring Statistics (Restructuring Performed)
 12. Parameter Settings for User Entity Instance: myMod:s8|mod_cu:control_unit
 13. Port Connectivity Checks: "thirty_two_bit_cla:s7"
 14. Port Connectivity Checks: "thirty_two_bit_cla:s6"
 15. Port Connectivity Checks: "setLessThan:s5|thirty_two_bit_cla:s0|four_bit_cla:cla0|full_adder:fa3"
 16. Port Connectivity Checks: "setLessThan:s5|thirty_two_bit_cla:s0|four_bit_cla:cla0|full_adder:fa2"
 17. Port Connectivity Checks: "setLessThan:s5|thirty_two_bit_cla:s0|four_bit_cla:cla0|full_adder:fa1"
 18. Port Connectivity Checks: "setLessThan:s5|thirty_two_bit_cla:s0|four_bit_cla:cla0|full_adder:fa0"
 19. Port Connectivity Checks: "setLessThan:s5|thirty_two_bit_cla:s0"
 20. Post-Synthesis Netlist Statistics for Top Partition
 21. Elapsed Time Per Partition
 22. Analysis & Synthesis Messages



----------------
; Legal Notice ;
----------------
Copyright (C) 2020  Intel Corporation. All rights reserved.
Your use of Intel Corporation's design tools, logic functions 
and other software and tools, and any partner logic 
functions, and any output files from any of the foregoing 
(including device programming or simulation files), and any 
associated documentation or information are expressly subject 
to the terms and conditions of the Intel Program License 
Subscription Agreement, the Intel Quartus Prime License Agreement,
the Intel FPGA IP License Agreement, or other applicable license
agreement, including, without limitation, that your use is for
the sole purpose of programming logic devices manufactured by
Intel and sold by Intel or its authorized distributors.  Please
refer to the applicable agreement for further details, at
https://fpgasoftware.intel.com/eula.



+-------------------------------------------------------------------------------+
; Analysis & Synthesis Summary                                                  ;
+---------------------------------+---------------------------------------------+
; Analysis & Synthesis Status     ; Successful - Sun Dec 10 20:22:34 2023       ;
; Quartus Prime Version           ; 20.1.0 Build 711 06/05/2020 SJ Lite Edition ;
; Revision Name                   ; hw2                                         ;
; Top-level Entity Name           ; alu32                                       ;
; Family                          ; Cyclone V                                   ;
; Logic utilization (in ALMs)     ; N/A                                         ;
; Total registers                 ; 35                                          ;
; Total pins                      ; 103                                         ;
; Total virtual pins              ; 0                                           ;
; Total block memory bits         ; 0                                           ;
; Total DSP Blocks                ; 0                                           ;
; Total HSSI RX PCSs              ; 0                                           ;
; Total HSSI PMA RX Deserializers ; 0                                           ;
; Total HSSI TX PCSs              ; 0                                           ;
; Total HSSI PMA TX Serializers   ; 0                                           ;
; Total PLLs                      ; 0                                           ;
; Total DLLs                      ; 0                                           ;
+---------------------------------+---------------------------------------------+


+---------------------------------------------------------------------------------------------------------------------------+
; Analysis & Synthesis Settings                                                                                             ;
+---------------------------------------------------------------------------------+--------------------+--------------------+
; Option                                                                          ; Setting            ; Default Value      ;
+---------------------------------------------------------------------------------+--------------------+--------------------+
; Device                                                                          ; 5CGXFC7C7F23C8     ;                    ;
; Top-level entity name                                                           ; alu32              ; hw2                ;
; Family name                                                                     ; Cyclone V          ; Cyclone V          ;
; Use smart compilation                                                           ; Off                ; Off                ;
; Enable parallel Assembler and Timing Analyzer during compilation                ; On                 ; On                 ;
; Enable compact report table                                                     ; Off                ; Off                ;
; Restructure Multiplexers                                                        ; Auto               ; Auto               ;
; MLAB Add Timing Constraints For Mixed-Port Feed-Through Mode Setting Don't Care ; Off                ; Off                ;
; Create Debugging Nodes for IP Cores                                             ; Off                ; Off                ;
; Preserve fewer node names                                                       ; On                 ; On                 ;
; Intel FPGA IP Evaluation Mode                                                   ; Enable             ; Enable             ;
; Verilog Version                                                                 ; Verilog_2001       ; Verilog_2001       ;
; VHDL Version                                                                    ; VHDL_1993          ; VHDL_1993          ;
; State Machine Processing                                                        ; Auto               ; Auto               ;
; Safe State Machine                                                              ; Off                ; Off                ;
; Extract Verilog State Machines                                                  ; On                 ; On                 ;
; Extract VHDL State Machines                                                     ; On                 ; On                 ;
; Ignore Verilog initial constructs                                               ; Off                ; Off                ;
; Iteration limit for constant Verilog loops                                      ; 5000               ; 5000               ;
; Iteration limit for non-constant Verilog loops                                  ; 250                ; 250                ;
; Add Pass-Through Logic to Inferred RAMs                                         ; On                 ; On                 ;
; Infer RAMs from Raw Logic                                                       ; On                 ; On                 ;
; Parallel Synthesis                                                              ; On                 ; On                 ;
; DSP Block Balancing                                                             ; Auto               ; Auto               ;
; NOT Gate Push-Back                                                              ; On                 ; On                 ;
; Power-Up Don't Care                                                             ; On                 ; On                 ;
; Remove Redundant Logic Cells                                                    ; Off                ; Off                ;
; Remove Duplicate Registers                                                      ; On                 ; On                 ;
; Ignore CARRY Buffers                                                            ; Off                ; Off                ;
; Ignore CASCADE Buffers                                                          ; Off                ; Off                ;
; Ignore GLOBAL Buffers                                                           ; Off                ; Off                ;
; Ignore ROW GLOBAL Buffers                                                       ; Off                ; Off                ;
; Ignore LCELL Buffers                                                            ; Off                ; Off                ;
; Ignore SOFT Buffers                                                             ; On                 ; On                 ;
; Limit AHDL Integers to 32 Bits                                                  ; Off                ; Off                ;
; Optimization Technique                                                          ; Balanced           ; Balanced           ;
; Carry Chain Length                                                              ; 70                 ; 70                 ;
; Auto Carry Chains                                                               ; On                 ; On                 ;
; Auto Open-Drain Pins                                                            ; On                 ; On                 ;
; Perform WYSIWYG Primitive Resynthesis                                           ; Off                ; Off                ;
; Auto ROM Replacement                                                            ; On                 ; On                 ;
; Auto RAM Replacement                                                            ; On                 ; On                 ;
; Auto DSP Block Replacement                                                      ; On                 ; On                 ;
; Auto Shift Register Replacement                                                 ; Auto               ; Auto               ;
; Allow Shift Register Merging across Hierarchies                                 ; Auto               ; Auto               ;
; Auto Clock Enable Replacement                                                   ; On                 ; On                 ;
; Strict RAM Replacement                                                          ; Off                ; Off                ;
; Allow Synchronous Control Signals                                               ; On                 ; On                 ;
; Force Use of Synchronous Clear Signals                                          ; Off                ; Off                ;
; Auto Resource Sharing                                                           ; Off                ; Off                ;
; Allow Any RAM Size For Recognition                                              ; Off                ; Off                ;
; Allow Any ROM Size For Recognition                                              ; Off                ; Off                ;
; Allow Any Shift Register Size For Recognition                                   ; Off                ; Off                ;
; Use LogicLock Constraints during Resource Balancing                             ; On                 ; On                 ;
; Ignore translate_off and synthesis_off directives                               ; Off                ; Off                ;
; Timing-Driven Synthesis                                                         ; On                 ; On                 ;
; Report Parameter Settings                                                       ; On                 ; On                 ;
; Report Source Assignments                                                       ; On                 ; On                 ;
; Report Connectivity Checks                                                      ; On                 ; On                 ;
; Ignore Maximum Fan-Out Assignments                                              ; Off                ; Off                ;
; Synchronization Register Chain Length                                           ; 3                  ; 3                  ;
; Power Optimization During Synthesis                                             ; Normal compilation ; Normal compilation ;
; HDL message level                                                               ; Level2             ; Level2             ;
; Suppress Register Optimization Related Messages                                 ; Off                ; Off                ;
; Number of Removed Registers Reported in Synthesis Report                        ; 5000               ; 5000               ;
; Number of Swept Nodes Reported in Synthesis Report                              ; 5000               ; 5000               ;
; Number of Inverted Registers Reported in Synthesis Report                       ; 100                ; 100                ;
; Clock MUX Protection                                                            ; On                 ; On                 ;
; Auto Gated Clock Conversion                                                     ; Off                ; Off                ;
; Block Design Naming                                                             ; Auto               ; Auto               ;
; SDC constraint protection                                                       ; Off                ; Off                ;
; Synthesis Effort                                                                ; Auto               ; Auto               ;
; Shift Register Replacement - Allow Asynchronous Clear Signal                    ; On                 ; On                 ;
; Pre-Mapping Resynthesis Optimization                                            ; Off                ; Off                ;
; Analysis & Synthesis Message Level                                              ; Medium             ; Medium             ;
; Disable Register Merging Across Hierarchies                                     ; Auto               ; Auto               ;
; Resource Aware Inference For Block RAM                                          ; On                 ; On                 ;
; Automatic Parallel Synthesis                                                    ; On                 ; On                 ;
; Partial Reconfiguration Bitstream ID                                            ; Off                ; Off                ;
+---------------------------------------------------------------------------------+--------------------+--------------------+


+------------------------------------------+
; Parallel Compilation                     ;
+----------------------------+-------------+
; Processors                 ; Number      ;
+----------------------------+-------------+
; Number detected on machine ; 12          ;
; Maximum allowed            ; 6           ;
;                            ;             ;
; Average used               ; 1.00        ;
; Maximum used               ; 6           ;
;                            ;             ;
; Usage by Processor         ; % Time Used ;
;     Processor 1            ; 100.0%      ;
;     Processor 2            ;   0.0%      ;
;     Processors 3-6         ;   0.0%      ;
+----------------------------+-------------+


+---------------------------------------------------------------------------------------------------------------------------------+
; Analysis & Synthesis Source Files Read                                                                                          ;
+----------------------------------+-----------------+------------------------+-----------------------------------------+---------+
; File Name with User-Entered Path ; Used in Netlist ; File Type              ; File Name with Absolute Path            ; Library ;
+----------------------------------+-----------------+------------------------+-----------------------------------------+---------+
; myAnd.v                          ; yes             ; User Verilog HDL File  ; C:/Users/ahmet/hw2/myAnd.v              ;         ;
; thirty_two_bit_cla.v             ; yes             ; User Verilog HDL File  ; C:/Users/ahmet/hw2/thirty_two_bit_cla.v ;         ;
; setLessThan.v                    ; yes             ; User Verilog HDL File  ; C:/Users/ahmet/hw2/setLessThan.v        ;         ;
; myXor.v                          ; yes             ; User Verilog HDL File  ; C:/Users/ahmet/hw2/myXor.v              ;         ;
; myOr.v                           ; yes             ; User Verilog HDL File  ; C:/Users/ahmet/hw2/myOr.v               ;         ;
; myNor.v                          ; yes             ; User Verilog HDL File  ; C:/Users/ahmet/hw2/myNor.v              ;         ;
; myMod.v                          ; yes             ; User Verilog HDL File  ; C:/Users/ahmet/hw2/myMod.v              ;         ;
; mux8x1.v                         ; yes             ; User Verilog HDL File  ; C:/Users/ahmet/hw2/mux8x1.v             ;         ;
; mux2x1.v                         ; yes             ; User Verilog HDL File  ; C:/Users/ahmet/hw2/mux2x1.v             ;         ;
; mod_dp.v                         ; yes             ; User Verilog HDL File  ; C:/Users/ahmet/hw2/mod_dp.v             ;         ;
; mod_cu.v                         ; yes             ; User Verilog HDL File  ; C:/Users/ahmet/hw2/mod_cu.v             ;         ;
; half_adder.v                     ; yes             ; User Verilog HDL File  ; C:/Users/ahmet/hw2/half_adder.v         ;         ;
; full_adder.v                     ; yes             ; User Verilog HDL File  ; C:/Users/ahmet/hw2/full_adder.v         ;         ;
; four_bit_cla.v                   ; yes             ; User Verilog HDL File  ; C:/Users/ahmet/hw2/four_bit_cla.v       ;         ;
; alu32.v                          ; yes             ; User Verilog HDL File  ; C:/Users/ahmet/hw2/alu32.v              ;         ;
+----------------------------------+-----------------+------------------------+-----------------------------------------+---------+


+----------------------------------------------------------+
; Analysis & Synthesis Resource Usage Summary              ;
+---------------------------------------------+------------+
; Resource                                    ; Usage      ;
+---------------------------------------------+------------+
; Estimate of Logic utilization (ALMs needed) ; 161        ;
;                                             ;            ;
; Combinational ALUT usage for logic          ; 224        ;
;     -- 7 input functions                    ; 34         ;
;     -- 6 input functions                    ; 64         ;
;     -- 5 input functions                    ; 8          ;
;     -- 4 input functions                    ; 9          ;
;     -- <=3 input functions                  ; 109        ;
;                                             ;            ;
; Dedicated logic registers                   ; 35         ;
;                                             ;            ;
; I/O pins                                    ; 103        ;
;                                             ;            ;
; Total DSP Blocks                            ; 0          ;
;                                             ;            ;
; Maximum fan-out node                        ; S[1]~input ;
; Maximum fan-out                             ; 64         ;
; Total fan-out                               ; 1316       ;
; Average fan-out                             ; 2.83       ;
+---------------------------------------------+------------+


+------------------------------------------------------------------------------------------------------------------------------------------------------------------------------------------------------------------------------------------------------------------------+
; Analysis & Synthesis Resource Utilization by Entity                                                                                                                                                                                                                    ;
+-------------------------------------+---------------------+---------------------------+-------------------+------------+------+--------------+-------------------------------------------------------------------------------------+--------------------+--------------+
; Compilation Hierarchy Node          ; Combinational ALUTs ; Dedicated Logic Registers ; Block Memory Bits ; DSP Blocks ; Pins ; Virtual Pins ; Full Hierarchy Name                                                                 ; Entity Name        ; Library Name ;
+-------------------------------------+---------------------+---------------------------+-------------------+------------+------+--------------+-------------------------------------------------------------------------------------+--------------------+--------------+
; |alu32                              ; 224 (0)             ; 35 (0)                    ; 0                 ; 0          ; 103  ; 0            ; |alu32                                                                              ; alu32              ; work         ;
;    |mux8x1:sf|                      ; 70 (0)              ; 0 (0)                     ; 0                 ; 0          ; 0    ; 0            ; |alu32|mux8x1:sf                                                                    ; mux8x1             ; work         ;
;       |mux2x1:m5|                   ; 3 (3)               ; 0 (0)                     ; 0                 ; 0          ; 0    ; 0            ; |alu32|mux8x1:sf|mux2x1:m5                                                          ; mux2x1             ; work         ;
;       |mux2x1:m7|                   ; 67 (67)             ; 0 (0)                     ; 0                 ; 0          ; 0    ; 0            ; |alu32|mux8x1:sf|mux2x1:m7                                                          ; mux2x1             ; work         ;
;    |myAnd:s1|                       ; 1 (1)               ; 0 (0)                     ; 0                 ; 0          ; 0    ; 0            ; |alu32|myAnd:s1                                                                     ; myAnd              ; work         ;
;    |myMod:s8|                       ; 66 (0)              ; 35 (0)                    ; 0                 ; 0          ; 0    ; 0            ; |alu32|myMod:s8                                                                     ; myMod              ; work         ;
;       |mod_cu:control_unit|         ; 9 (9)               ; 3 (3)                     ; 0                 ; 0          ; 0    ; 0            ; |alu32|myMod:s8|mod_cu:control_unit                                                 ; mod_cu             ; work         ;
;       |mod_dp:datapath|             ; 57 (57)             ; 32 (32)                   ; 0                 ; 0          ; 0    ; 0            ; |alu32|myMod:s8|mod_dp:datapath                                                     ; mod_dp             ; work         ;
;    |myXor:s3|                       ; 4 (4)               ; 0 (0)                     ; 0                 ; 0          ; 0    ; 0            ; |alu32|myXor:s3                                                                     ; myXor              ; work         ;
;    |setLessThan:s5|                 ; 46 (0)              ; 0 (0)                     ; 0                 ; 0          ; 0    ; 0            ; |alu32|setLessThan:s5                                                               ; setLessThan        ; work         ;
;       |thirty_two_bit_cla:s0|       ; 46 (0)              ; 0 (0)                     ; 0                 ; 0          ; 0    ; 0            ; |alu32|setLessThan:s5|thirty_two_bit_cla:s0                                         ; thirty_two_bit_cla ; work         ;
;          |four_bit_cla:cla0|        ; 4 (4)               ; 0 (0)                     ; 0                 ; 0          ; 0    ; 0            ; |alu32|setLessThan:s5|thirty_two_bit_cla:s0|four_bit_cla:cla0                       ; four_bit_cla       ; work         ;
;          |four_bit_cla:cla1|        ; 7 (7)               ; 0 (0)                     ; 0                 ; 0          ; 0    ; 0            ; |alu32|setLessThan:s5|thirty_two_bit_cla:s0|four_bit_cla:cla1                       ; four_bit_cla       ; work         ;
;          |four_bit_cla:cla2|        ; 7 (7)               ; 0 (0)                     ; 0                 ; 0          ; 0    ; 0            ; |alu32|setLessThan:s5|thirty_two_bit_cla:s0|four_bit_cla:cla2                       ; four_bit_cla       ; work         ;
;          |four_bit_cla:cla3|        ; 7 (7)               ; 0 (0)                     ; 0                 ; 0          ; 0    ; 0            ; |alu32|setLessThan:s5|thirty_two_bit_cla:s0|four_bit_cla:cla3                       ; four_bit_cla       ; work         ;
;          |four_bit_cla:cla4|        ; 4 (4)               ; 0 (0)                     ; 0                 ; 0          ; 0    ; 0            ; |alu32|setLessThan:s5|thirty_two_bit_cla:s0|four_bit_cla:cla4                       ; four_bit_cla       ; work         ;
;          |four_bit_cla:cla5|        ; 7 (7)               ; 0 (0)                     ; 0                 ; 0          ; 0    ; 0            ; |alu32|setLessThan:s5|thirty_two_bit_cla:s0|four_bit_cla:cla5                       ; four_bit_cla       ; work         ;
;          |four_bit_cla:cla6|        ; 7 (7)               ; 0 (0)                     ; 0                 ; 0          ; 0    ; 0            ; |alu32|setLessThan:s5|thirty_two_bit_cla:s0|four_bit_cla:cla6                       ; four_bit_cla       ; work         ;
;          |four_bit_cla:cla7|        ; 3 (3)               ; 0 (0)                     ; 0                 ; 0          ; 0    ; 0            ; |alu32|setLessThan:s5|thirty_two_bit_cla:s0|four_bit_cla:cla7                       ; four_bit_cla       ; work         ;
;    |thirty_two_bit_cla:s6|          ; 37 (0)              ; 0 (0)                     ; 0                 ; 0          ; 0    ; 0            ; |alu32|thirty_two_bit_cla:s6                                                        ; thirty_two_bit_cla ; work         ;
;       |four_bit_cla:cla0|           ; 3 (3)               ; 0 (0)                     ; 0                 ; 0          ; 0    ; 0            ; |alu32|thirty_two_bit_cla:s6|four_bit_cla:cla0                                      ; four_bit_cla       ; work         ;
;       |four_bit_cla:cla1|           ; 6 (6)               ; 0 (0)                     ; 0                 ; 0          ; 0    ; 0            ; |alu32|thirty_two_bit_cla:s6|four_bit_cla:cla1                                      ; four_bit_cla       ; work         ;
;       |four_bit_cla:cla2|           ; 6 (6)               ; 0 (0)                     ; 0                 ; 0          ; 0    ; 0            ; |alu32|thirty_two_bit_cla:s6|four_bit_cla:cla2                                      ; four_bit_cla       ; work         ;
;       |four_bit_cla:cla3|           ; 5 (4)               ; 0 (0)                     ; 0                 ; 0          ; 0    ; 0            ; |alu32|thirty_two_bit_cla:s6|four_bit_cla:cla3                                      ; four_bit_cla       ; work         ;
;          |full_adder:fa3|           ; 1 (0)               ; 0 (0)                     ; 0                 ; 0          ; 0    ; 0            ; |alu32|thirty_two_bit_cla:s6|four_bit_cla:cla3|full_adder:fa3                       ; full_adder         ; work         ;
;             |half_adder:second_sum| ; 1 (1)               ; 0 (0)                     ; 0                 ; 0          ; 0    ; 0            ; |alu32|thirty_two_bit_cla:s6|four_bit_cla:cla3|full_adder:fa3|half_adder:second_sum ; half_adder         ; work         ;
;       |four_bit_cla:cla4|           ; 3 (2)               ; 0 (0)                     ; 0                 ; 0          ; 0    ; 0            ; |alu32|thirty_two_bit_cla:s6|four_bit_cla:cla4                                      ; four_bit_cla       ; work         ;
;          |full_adder:fa1|           ; 1 (0)               ; 0 (0)                     ; 0                 ; 0          ; 0    ; 0            ; |alu32|thirty_two_bit_cla:s6|four_bit_cla:cla4|full_adder:fa1                       ; full_adder         ; work         ;
;             |half_adder:second_sum| ; 1 (1)               ; 0 (0)                     ; 0                 ; 0          ; 0    ; 0            ; |alu32|thirty_two_bit_cla:s6|four_bit_cla:cla4|full_adder:fa1|half_adder:second_sum ; half_adder         ; work         ;
;       |four_bit_cla:cla5|           ; 6 (5)               ; 0 (0)                     ; 0                 ; 0          ; 0    ; 0            ; |alu32|thirty_two_bit_cla:s6|four_bit_cla:cla5                                      ; four_bit_cla       ; work         ;
;          |full_adder:fa0|           ; 1 (0)               ; 0 (0)                     ; 0                 ; 0          ; 0    ; 0            ; |alu32|thirty_two_bit_cla:s6|four_bit_cla:cla5|full_adder:fa0                       ; full_adder         ; work         ;
;             |half_adder:second_sum| ; 1 (1)               ; 0 (0)                     ; 0                 ; 0          ; 0    ; 0            ; |alu32|thirty_two_bit_cla:s6|four_bit_cla:cla5|full_adder:fa0|half_adder:second_sum ; half_adder         ; work         ;
;       |four_bit_cla:cla6|           ; 5 (5)               ; 0 (0)                     ; 0                 ; 0          ; 0    ; 0            ; |alu32|thirty_two_bit_cla:s6|four_bit_cla:cla6                                      ; four_bit_cla       ; work         ;
;       |four_bit_cla:cla7|           ; 3 (3)               ; 0 (0)                     ; 0                 ; 0          ; 0    ; 0            ; |alu32|thirty_two_bit_cla:s6|four_bit_cla:cla7                                      ; four_bit_cla       ; work         ;
+-------------------------------------+---------------------+---------------------------+-------------------+------------+------+--------------+-------------------------------------------------------------------------------------+--------------------+--------------+
Note: For table entries with two numbers listed, the numbers in parentheses indicate the number of resources of the given type used by the specific entity alone. The numbers listed outside of parentheses indicate the total resources of the given type used by the specific entity and all of its sub-entities in the hierarchy.


Encoding Type:  One-Hot
+---------------------------------------------------------------------------------------------------+
; State Machine - |alu32|myMod:s8|mod_cu:control_unit|current_state                                 ;
+--------------------------+----------------------+----------------------+--------------------------+
; Name                     ; current_state.S_IDLE ; current_state.S_DONE ; current_state.S_SUBTRACT ;
+--------------------------+----------------------+----------------------+--------------------------+
; current_state.S_IDLE     ; 0                    ; 0                    ; 0                        ;
; current_state.S_SUBTRACT ; 1                    ; 0                    ; 1                        ;
; current_state.S_DONE     ; 1                    ; 1                    ; 0                        ;
+--------------------------+----------------------+----------------------+--------------------------+


+-------------------------------------------------------------------------------------------------------------------------+
; User-Specified and Inferred Latches                                                                                     ;
+-------------------------------------------------------+----------------------------------------+------------------------+
; Latch Name                                            ; Latch Enable Signal                    ; Free of Timing Hazards ;
+-------------------------------------------------------+----------------------------------------+------------------------+
; myMod:s8|mod_cu:control_unit|next_state.S_DONE_53     ; myMod:s8|mod_cu:control_unit|Selector2 ; yes                    ;
; myMod:s8|mod_cu:control_unit|next_state.S_IDLE_71     ; myMod:s8|mod_cu:control_unit|Selector2 ; yes                    ;
; myMod:s8|mod_cu:control_unit|next_state.S_SUBTRACT_62 ; myMod:s8|mod_cu:control_unit|Selector2 ; yes                    ;
; Number of user-specified and inferred latches = 3     ;                                        ;                        ;
+-------------------------------------------------------+----------------------------------------+------------------------+
Note: All latches listed above may not be present at the end of synthesis due to various synthesis optimizations.


+------------------------------------------------------+
; General Register Statistics                          ;
+----------------------------------------------+-------+
; Statistic                                    ; Value ;
+----------------------------------------------+-------+
; Total registers                              ; 35    ;
; Number of registers using Synchronous Clear  ; 0     ;
; Number of registers using Synchronous Load   ; 32    ;
; Number of registers using Asynchronous Clear ; 35    ;
; Number of registers using Asynchronous Load  ; 0     ;
; Number of registers using Clock Enable       ; 32    ;
; Number of registers using Preset             ; 0     ;
+----------------------------------------------+-------+


+-------------------------------------------------------------------------------------------------------------------------------------------------------+
; Multiplexer Restructuring Statistics (Restructuring Performed)                                                                                        ;
+--------------------+-----------+---------------+----------------------+------------------------+------------+-----------------------------------------+
; Multiplexer Inputs ; Bus Width ; Baseline Area ; Area if Restructured ; Saving if Restructured ; Registered ; Example Multiplexer Output              ;
+--------------------+-----------+---------------+----------------------+------------------------+------------+-----------------------------------------+
; 3:1                ; 32 bits   ; 64 LEs        ; 0 LEs                ; 64 LEs                 ; Yes        ; |alu32|myMod:s8|mod_dp:datapath|TEMP[0] ;
; 7:1                ; 31 bits   ; 124 LEs       ; 124 LEs              ; 0 LEs                  ; No         ; |alu32|mux8x1:sf|mux2x1:m7|o1           ;
+--------------------+-----------+---------------+----------------------+------------------------+------------+-----------------------------------------+


+---------------------------------------------------------------------------+
; Parameter Settings for User Entity Instance: myMod:s8|mod_cu:control_unit ;
+----------------+-------+--------------------------------------------------+
; Parameter Name ; Value ; Type                                             ;
+----------------+-------+--------------------------------------------------+
; S_IDLE         ; 00    ; Unsigned Binary                                  ;
; S_SUBTRACT     ; 01    ; Unsigned Binary                                  ;
; S_DONE         ; 10    ; Unsigned Binary                                  ;
+----------------+-------+--------------------------------------------------+
Note: In order to hide this table in the UI and the text report file, please set the "Show Parameter Settings in Synthesis Report" option in "Analysis and Synthesis Settings -> More Settings" to "Off".


+---------------------------------------------------+
; Port Connectivity Checks: "thirty_two_bit_cla:s7" ;
+----------+-------+----------+---------------------+
; Port     ; Type  ; Severity ; Details             ;
+----------+-------+----------+---------------------+
; carry_in ; Input ; Info     ; Stuck at VCC        ;
+----------+-------+----------+---------------------+


+---------------------------------------------------------------------------------------------------------------------+
; Port Connectivity Checks: "thirty_two_bit_cla:s6"                                                                   ;
+-----------+--------+----------+-------------------------------------------------------------------------------------+
; Port      ; Type   ; Severity ; Details                                                                             ;
+-----------+--------+----------+-------------------------------------------------------------------------------------+
; carry_in  ; Input  ; Info     ; Stuck at GND                                                                        ;
; carry_out ; Output ; Info     ; Connected to dangling logic. Logic that only feeds a dangling port will be removed. ;
+-----------+--------+----------+-------------------------------------------------------------------------------------+


+---------------------------------------------------------------------------------------------------+
; Port Connectivity Checks: "setLessThan:s5|thirty_two_bit_cla:s0|four_bit_cla:cla0|full_adder:fa3" ;
+-----------+--------+----------+-------------------------------------------------------------------+
; Port      ; Type   ; Severity ; Details                                                           ;
+-----------+--------+----------+-------------------------------------------------------------------+
; carry_out ; Output ; Info     ; Explicitly unconnected                                            ;
+-----------+--------+----------+-------------------------------------------------------------------+


+---------------------------------------------------------------------------------------------------+
; Port Connectivity Checks: "setLessThan:s5|thirty_two_bit_cla:s0|four_bit_cla:cla0|full_adder:fa2" ;
+-----------+--------+----------+-------------------------------------------------------------------+
; Port      ; Type   ; Severity ; Details                                                           ;
+-----------+--------+----------+-------------------------------------------------------------------+
; carry_out ; Output ; Info     ; Explicitly unconnected                                            ;
+-----------+--------+----------+-------------------------------------------------------------------+


+---------------------------------------------------------------------------------------------------+
; Port Connectivity Checks: "setLessThan:s5|thirty_two_bit_cla:s0|four_bit_cla:cla0|full_adder:fa1" ;
+-----------+--------+----------+-------------------------------------------------------------------+
; Port      ; Type   ; Severity ; Details                                                           ;
+-----------+--------+----------+-------------------------------------------------------------------+
; carry_out ; Output ; Info     ; Explicitly unconnected                                            ;
+-----------+--------+----------+-------------------------------------------------------------------+


+---------------------------------------------------------------------------------------------------+
; Port Connectivity Checks: "setLessThan:s5|thirty_two_bit_cla:s0|four_bit_cla:cla0|full_adder:fa0" ;
+-----------+--------+----------+-------------------------------------------------------------------+
; Port      ; Type   ; Severity ; Details                                                           ;
+-----------+--------+----------+-------------------------------------------------------------------+
; carry_out ; Output ; Info     ; Explicitly unconnected                                            ;
+-----------+--------+----------+-------------------------------------------------------------------+


+----------------------------------------------------------------------------------------------------------------------+
; Port Connectivity Checks: "setLessThan:s5|thirty_two_bit_cla:s0"                                                     ;
+------------+--------+----------+-------------------------------------------------------------------------------------+
; Port       ; Type   ; Severity ; Details                                                                             ;
+------------+--------+----------+-------------------------------------------------------------------------------------+
; carry_in   ; Input  ; Info     ; Stuck at VCC                                                                        ;
; sum[30..0] ; Output ; Info     ; Connected to dangling logic. Logic that only feeds a dangling port will be removed. ;
; carry_out  ; Output ; Info     ; Connected to dangling logic. Logic that only feeds a dangling port will be removed. ;
+------------+--------+----------+-------------------------------------------------------------------------------------+


+-----------------------------------------------------+
; Post-Synthesis Netlist Statistics for Top Partition ;
+-----------------------+-----------------------------+
; Type                  ; Count                       ;
+-----------------------+-----------------------------+
; arriav_ff             ; 35                          ;
;     CLR               ; 3                           ;
;     ENA CLR SLD       ; 32                          ;
; arriav_lcell_comb     ; 224                         ;
;     extend            ; 34                          ;
;         7 data inputs ; 34                          ;
;     normal            ; 158                         ;
;         1 data inputs ; 1                           ;
;         2 data inputs ; 43                          ;
;         3 data inputs ; 33                          ;
;         4 data inputs ; 9                           ;
;         5 data inputs ; 8                           ;
;         6 data inputs ; 64                          ;
;     shared            ; 32                          ;
;         2 data inputs ; 32                          ;
; boundary_port         ; 103                         ;
;                       ;                             ;
; Max LUT depth         ; 15.00                       ;
; Average LUT depth     ; 7.73                        ;
+-----------------------+-----------------------------+


+-------------------------------+
; Elapsed Time Per Partition    ;
+----------------+--------------+
; Partition Name ; Elapsed Time ;
+----------------+--------------+
; Top            ; 00:00:01     ;
+----------------+--------------+


+-------------------------------+
; Analysis & Synthesis Messages ;
+-------------------------------+
Info: *******************************************************************
Info: Running Quartus Prime Analysis & Synthesis
    Info: Version 20.1.0 Build 711 06/05/2020 SJ Lite Edition
    Info: Processing started: Sun Dec 10 20:22:22 2023
Info: Command: quartus_map --read_settings_files=on --write_settings_files=off hw2 -c hw2
Warning (18236): Number of processors has not been specified which may cause overloading on shared machines.  Set the global assignment NUM_PARALLEL_PROCESSORS in your QSF to an appropriate value for best performance.
Info (20030): Parallel compilation is enabled and will use 6 of the 6 processors detected
Info (12021): Found 1 design units, including 1 entities, in source file myand.v
    Info (12023): Found entity 1: myAnd File: C:/Users/ahmet/hw2/myAnd.v Line: 1
Info (12021): Found 1 design units, including 1 entities, in source file thirty_two_bit_cla.v
    Info (12023): Found entity 1: thirty_two_bit_cla File: C:/Users/ahmet/hw2/thirty_two_bit_cla.v Line: 1
Info (12021): Found 1 design units, including 1 entities, in source file setlessthan.v
    Info (12023): Found entity 1: setLessThan File: C:/Users/ahmet/hw2/setLessThan.v Line: 1
Info (12021): Found 1 design units, including 1 entities, in source file myxor.v
    Info (12023): Found entity 1: myXor File: C:/Users/ahmet/hw2/myXor.v Line: 1
Info (12021): Found 1 design units, including 1 entities, in source file myor.v
    Info (12023): Found entity 1: myOr File: C:/Users/ahmet/hw2/myOr.v Line: 1
Info (12021): Found 1 design units, including 1 entities, in source file mynor.v
    Info (12023): Found entity 1: myNor File: C:/Users/ahmet/hw2/myNor.v Line: 1
Info (12021): Found 1 design units, including 1 entities, in source file mymod.v
    Info (12023): Found entity 1: myMod File: C:/Users/ahmet/hw2/myMod.v Line: 1
Info (12021): Found 1 design units, including 1 entities, in source file mux8x1.v
    Info (12023): Found entity 1: mux8x1 File: C:/Users/ahmet/hw2/mux8x1.v Line: 1
Info (12021): Found 1 design units, including 1 entities, in source file mux2x1.v
    Info (12023): Found entity 1: mux2x1 File: C:/Users/ahmet/hw2/mux2x1.v Line: 1
Info (12021): Found 1 design units, including 1 entities, in source file mod_dp.v
    Info (12023): Found entity 1: mod_dp File: C:/Users/ahmet/hw2/mod_dp.v Line: 1
Info (12021): Found 1 design units, including 1 entities, in source file mod_cu.v
    Info (12023): Found entity 1: mod_cu File: C:/Users/ahmet/hw2/mod_cu.v Line: 1
Info (12021): Found 1 design units, including 1 entities, in source file half_adder.v
    Info (12023): Found entity 1: half_adder File: C:/Users/ahmet/hw2/half_adder.v Line: 1
Info (12021): Found 1 design units, including 1 entities, in source file full_adder.v
    Info (12023): Found entity 1: full_adder File: C:/Users/ahmet/hw2/full_adder.v Line: 1
Info (12021): Found 1 design units, including 1 entities, in source file four_bit_cla.v
    Info (12023): Found entity 1: four_bit_cla File: C:/Users/ahmet/hw2/four_bit_cla.v Line: 1
Info (12021): Found 1 design units, including 1 entities, in source file alu32_testbench.v
    Info (12023): Found entity 1: alu32_testbench File: C:/Users/ahmet/hw2/alu32_testbench.v Line: 2
Info (12021): Found 1 design units, including 1 entities, in source file alu32.v
    Info (12023): Found entity 1: alu32 File: C:/Users/ahmet/hw2/alu32.v Line: 1
Info (12127): Elaborating entity "alu32" for the top level hierarchy
Info (12128): Elaborating entity "myAnd" for hierarchy "myAnd:s1" File: C:/Users/ahmet/hw2/alu32.v Line: 35
Info (12128): Elaborating entity "myOr" for hierarchy "myOr:s2" File: C:/Users/ahmet/hw2/alu32.v Line: 36
Info (12128): Elaborating entity "myXor" for hierarchy "myXor:s3" File: C:/Users/ahmet/hw2/alu32.v Line: 37
Info (12128): Elaborating entity "myNor" for hierarchy "myNor:s4" File: C:/Users/ahmet/hw2/alu32.v Line: 38
Info (12128): Elaborating entity "setLessThan" for hierarchy "setLessThan:s5" File: C:/Users/ahmet/hw2/alu32.v Line: 39
Warning (10739): Verilog HDL warning at setLessThan.v(13): actual bit length 32 differs from formal bit length 1 File: C:/Users/ahmet/hw2/setLessThan.v Line: 13
Warning (10739): Verilog HDL warning at setLessThan.v(14): actual bit length 32 differs from formal bit length 1 File: C:/Users/ahmet/hw2/setLessThan.v Line: 14
Warning (10739): Verilog HDL warning at setLessThan.v(15): actual bit length 32 differs from formal bit length 1 File: C:/Users/ahmet/hw2/setLessThan.v Line: 15
Warning (10739): Verilog HDL warning at setLessThan.v(16): actual bit length 32 differs from formal bit length 1 File: C:/Users/ahmet/hw2/setLessThan.v Line: 16
Warning (10739): Verilog HDL warning at setLessThan.v(17): actual bit length 32 differs from formal bit length 1 File: C:/Users/ahmet/hw2/setLessThan.v Line: 17
Warning (10739): Verilog HDL warning at setLessThan.v(18): actual bit length 32 differs from formal bit length 1 File: C:/Users/ahmet/hw2/setLessThan.v Line: 18
Warning (10739): Verilog HDL warning at setLessThan.v(19): actual bit length 32 differs from formal bit length 1 File: C:/Users/ahmet/hw2/setLessThan.v Line: 19
Warning (10739): Verilog HDL warning at setLessThan.v(20): actual bit length 32 differs from formal bit length 1 File: C:/Users/ahmet/hw2/setLessThan.v Line: 20
Warning (10739): Verilog HDL warning at setLessThan.v(21): actual bit length 32 differs from formal bit length 1 File: C:/Users/ahmet/hw2/setLessThan.v Line: 21
Warning (10739): Verilog HDL warning at setLessThan.v(22): actual bit length 32 differs from formal bit length 1 File: C:/Users/ahmet/hw2/setLessThan.v Line: 22
Warning (10739): Verilog HDL warning at setLessThan.v(23): actual bit length 32 differs from formal bit length 1 File: C:/Users/ahmet/hw2/setLessThan.v Line: 23
Warning (10739): Verilog HDL warning at setLessThan.v(24): actual bit length 32 differs from formal bit length 1 File: C:/Users/ahmet/hw2/setLessThan.v Line: 24
Warning (10739): Verilog HDL warning at setLessThan.v(25): actual bit length 32 differs from formal bit length 1 File: C:/Users/ahmet/hw2/setLessThan.v Line: 25
Warning (10739): Verilog HDL warning at setLessThan.v(26): actual bit length 32 differs from formal bit length 1 File: C:/Users/ahmet/hw2/setLessThan.v Line: 26
Warning (10739): Verilog HDL warning at setLessThan.v(27): actual bit length 32 differs from formal bit length 1 File: C:/Users/ahmet/hw2/setLessThan.v Line: 27
Warning (10739): Verilog HDL warning at setLessThan.v(28): actual bit length 32 differs from formal bit length 1 File: C:/Users/ahmet/hw2/setLessThan.v Line: 28
Warning (10739): Verilog HDL warning at setLessThan.v(29): actual bit length 32 differs from formal bit length 1 File: C:/Users/ahmet/hw2/setLessThan.v Line: 29
Warning (10739): Verilog HDL warning at setLessThan.v(30): actual bit length 32 differs from formal bit length 1 File: C:/Users/ahmet/hw2/setLessThan.v Line: 30
Warning (10739): Verilog HDL warning at setLessThan.v(31): actual bit length 32 differs from formal bit length 1 File: C:/Users/ahmet/hw2/setLessThan.v Line: 31
Warning (10739): Verilog HDL warning at setLessThan.v(32): actual bit length 32 differs from formal bit length 1 File: C:/Users/ahmet/hw2/setLessThan.v Line: 32
Warning (10739): Verilog HDL warning at setLessThan.v(33): actual bit length 32 differs from formal bit length 1 File: C:/Users/ahmet/hw2/setLessThan.v Line: 33
Warning (10739): Verilog HDL warning at setLessThan.v(34): actual bit length 32 differs from formal bit length 1 File: C:/Users/ahmet/hw2/setLessThan.v Line: 34
Warning (10739): Verilog HDL warning at setLessThan.v(35): actual bit length 32 differs from formal bit length 1 File: C:/Users/ahmet/hw2/setLessThan.v Line: 35
Warning (10739): Verilog HDL warning at setLessThan.v(36): actual bit length 32 differs from formal bit length 1 File: C:/Users/ahmet/hw2/setLessThan.v Line: 36
Warning (10739): Verilog HDL warning at setLessThan.v(37): actual bit length 32 differs from formal bit length 1 File: C:/Users/ahmet/hw2/setLessThan.v Line: 37
Warning (10739): Verilog HDL warning at setLessThan.v(38): actual bit length 32 differs from formal bit length 1 File: C:/Users/ahmet/hw2/setLessThan.v Line: 38
Warning (10739): Verilog HDL warning at setLessThan.v(39): actual bit length 32 differs from formal bit length 1 File: C:/Users/ahmet/hw2/setLessThan.v Line: 39
Warning (10739): Verilog HDL warning at setLessThan.v(40): actual bit length 32 differs from formal bit length 1 File: C:/Users/ahmet/hw2/setLessThan.v Line: 40
Warning (10739): Verilog HDL warning at setLessThan.v(41): actual bit length 32 differs from formal bit length 1 File: C:/Users/ahmet/hw2/setLessThan.v Line: 41
Warning (10739): Verilog HDL warning at setLessThan.v(42): actual bit length 32 differs from formal bit length 1 File: C:/Users/ahmet/hw2/setLessThan.v Line: 42
Warning (10739): Verilog HDL warning at setLessThan.v(43): actual bit length 32 differs from formal bit length 1 File: C:/Users/ahmet/hw2/setLessThan.v Line: 43
Info (12128): Elaborating entity "thirty_two_bit_cla" for hierarchy "setLessThan:s5|thirty_two_bit_cla:s0" File: C:/Users/ahmet/hw2/setLessThan.v Line: 10
Info (12128): Elaborating entity "four_bit_cla" for hierarchy "setLessThan:s5|thirty_two_bit_cla:s0|four_bit_cla:cla0" File: C:/Users/ahmet/hw2/thirty_two_bit_cla.v Line: 10
Info (12128): Elaborating entity "full_adder" for hierarchy "setLessThan:s5|thirty_two_bit_cla:s0|four_bit_cla:cla0|full_adder:fa0" File: C:/Users/ahmet/hw2/four_bit_cla.v Line: 37
Info (12128): Elaborating entity "half_adder" for hierarchy "setLessThan:s5|thirty_two_bit_cla:s0|four_bit_cla:cla0|full_adder:fa0|half_adder:first_sum" File: C:/Users/ahmet/hw2/full_adder.v Line: 6
Info (12128): Elaborating entity "myMod" for hierarchy "myMod:s8" File: C:/Users/ahmet/hw2/alu32.v Line: 42
Info (12128): Elaborating entity "mod_cu" for hierarchy "myMod:s8|mod_cu:control_unit" File: C:/Users/ahmet/hw2/myMod.v Line: 21
Warning (10240): Verilog HDL Always Construct warning at mod_cu.v(30): inferring latch(es) for variable "next_state", which holds its previous value in one or more paths through the always construct File: C:/Users/ahmet/hw2/mod_cu.v Line: 30
Info (10041): Inferred latch for "next_state.S_DONE" at mod_cu.v(30) File: C:/Users/ahmet/hw2/mod_cu.v Line: 30
Info (10041): Inferred latch for "next_state.S_SUBTRACT" at mod_cu.v(30) File: C:/Users/ahmet/hw2/mod_cu.v Line: 30
Info (10041): Inferred latch for "next_state.S_IDLE" at mod_cu.v(30) File: C:/Users/ahmet/hw2/mod_cu.v Line: 30
Info (12128): Elaborating entity "mod_dp" for hierarchy "myMod:s8|mod_dp:datapath" File: C:/Users/ahmet/hw2/myMod.v Line: 32
Info (12128): Elaborating entity "mux8x1" for hierarchy "mux8x1:sf" File: C:/Users/ahmet/hw2/alu32.v Line: 45
Info (12128): Elaborating entity "mux2x1" for hierarchy "mux8x1:sf|mux2x1:m1" File: C:/Users/ahmet/hw2/mux8x1.v Line: 21
Info (13014): Ignored 1 buffer(s)
    Info (13019): Ignored 1 SOFT buffer(s)
Warning (13012): Latch myMod:s8|mod_cu:control_unit|next_state.S_IDLE_71 has unsafe behavior File: C:/Users/ahmet/hw2/mod_cu.v Line: 30
    Warning (13013): Ports D and ENA on the latch are fed by the same signal myMod:s8|mod_cu:control_unit|current_state.S_DONE File: C:/Users/ahmet/hw2/mod_cu.v Line: 16
Warning (13012): Latch myMod:s8|mod_cu:control_unit|next_state.S_SUBTRACT_62 has unsafe behavior File: C:/Users/ahmet/hw2/mod_cu.v Line: 30
    Warning (13013): Ports D and ENA on the latch are fed by the same signal start File: C:/Users/ahmet/hw2/alu32.v Line: 4
Info (286030): Timing-Driven Synthesis is running
Info (16010): Generating hard_block partition "hard_block:auto_generated_inst"
    Info (16011): Adding 0 node(s), including 0 DDIO, 0 PLL, 0 transceiver and 0 LCELL
Info (21057): Implemented 329 device resources after synthesis - the final resource count might be different
    Info (21058): Implemented 70 input pins
    Info (21059): Implemented 33 output pins
    Info (21061): Implemented 226 logic cells
Info: Quartus Prime Analysis & Synthesis was successful. 0 errors, 37 warnings
    Info: Peak virtual memory: 4876 megabytes
    Info: Processing ended: Sun Dec 10 20:22:34 2023
    Info: Elapsed time: 00:00:12
    Info: Total CPU time (on all processors): 00:00:18


